<?xml version="1.0" encoding="UTF-8"?>
<testsuite xmlns:xsi="http://www.w3.org/2001/XMLSchema-instance" xsi:noNamespaceSchemaLocation="https://maven.apache.org/surefire/maven-surefire-plugin/xsd/surefire-test-report-3.0.xsd" version="3.0" name="com.sg.testing.dao.AGoodMonsterDaoTest" time="0.01" tests="16" errors="0" skipped="0" failures="0">
  <properties>
[...]
</properties>
  <testcase name="testGetMonsterDoesNotCorruptStoredValue" classname="com.sg.testing.dao.AGoodMonsterDaoTest" time="0.001"/>
  <testcase name="testRemoveMonsterReturnsRemovedMonster" classname="com.sg.testing.dao.AGoodMonsterDaoTest" time="0.0"/>
  <testcase name="testAddMonsterStoresUnderCorrectId" classname="com.sg.testing.dao.AGoodMonsterDaoTest" time="0.001"/>
  <testcase name="testAddMonsterReturnsNullWhenIdNew" classname="com.sg.testing.dao.AGoodMonsterDaoTest" time="0.001"/>
  <testcase name="testUpdateMonsterOnNonExistentIdDoesNotAddNewEntry" classname="com.sg.testing.dao.AGoodMonsterDaoTest" time="0.0"/>
  <testcase name="testAddTwoMonstersAreBothStored" classname="com.sg.testing.dao.AGoodMonsterDaoTest" time="0.0"/>
  <testcase name="testGetMonsterDoesNotRemoveItFromStorage" classname="com.sg.testing.dao.AGoodMonsterDaoTest" time="0.001"/>
  <testcase name="testAddMonsterReturnsPreviousWhenIdExists" classname="com.sg.testing.dao.AGoodMonsterDaoTest" time="0.0"/>
  <testcase name="testGetMonsterReturnsCorrectMonster" classname="com.sg.testing.dao.AGoodMonsterDaoTest" time="0.0"/>
  <testcase name="testUpdateMonsterChangesStoredValue" classname="com.sg.testing.dao.AGoodMonsterDaoTest" time="0.0"/>
  <testcase name="testGetAllMonstersEmptyWhenNoneAdded" classname="com.sg.testing.dao.AGoodMonsterDaoTest" time="0.0"/>
  <testcase name="testRemoveMonsterActuallyRemovesIt" classname="com.sg.testing.dao.AGoodMonsterDaoTest" time="0.0"/>
  <testcase name="testGetMonsterReturnsNullWhenNotFound" classname="com.sg.testing.dao.AGoodMonsterDaoTest" time="0.0"/>
  <testcase name="testGetAllMonstersReturnsAllAdded" classname="com.sg.testing.dao.AGoodMonsterDaoTest" time="0.0"/>
  <testcase name="testRemoveMonsterReturnsNullWhenNotFound" classname="com.sg.testing.dao.AGoodMonsterDaoTest" time="0.0"/>
  <testcase name="testGetAllMonstersNoDuplicates" classname="com.sg.testing.dao.AGoodMonsterDaoTest" time="0.0"/>
</testsuite>